Arguments: 
  C:\Program Files\nodejs\node.exe C:\Users\murha\AppData\Roaming\npm\node_modules\yarn\bin\yarn.js

PATH: 
  C:\Program Files\Common Files\Oracle\Java\javapath;C:\WINDOWS\system32;C:\WINDOWS;C:\WINDOWS\System32\Wbem;C:\WINDOWS\System32\WindowsPowerShell\v1.0\;C:\WINDOWS\System32\OpenSSH\;C:\Program Files\nodejs\;C:\Program Files\Git\cmd;C:\Users\murha\AppData\Local\Microsoft\WindowsApps;C:\Users\murha\AppData\Local\Programs\Microsoft VS Code\bin;C:\Users\murha\AppData\Roaming\npm;C:\MinGW\bin;

Yarn version: 
  1.22.17

Node version: 
  16.14.0

Platform: 
  win32 x64

Trace: 
  Error: https://registry.yarnpkg.com/@iconify-icons/mdi/-/mdi-1.2.16.tgz: ESOCKETTIMEDOUT
      at ClientRequest.<anonymous> (C:\Users\murha\AppData\Roaming\npm\node_modules\yarn\lib\cli.js:141510:19)
      at Object.onceWrapper (node:events:639:28)
      at ClientRequest.emit (node:events:520:28)
      at TLSSocket.emitRequestTimeout (node:_http_client:758:9)
      at Object.onceWrapper (node:events:639:28)
      at TLSSocket.emit (node:events:532:35)
      at TLSSocket.Socket._onTimeout (node:net:501:8)
      at listOnTimeout (node:internal/timers:559:17)
      at processTimers (node:internal/timers:502:7)

npm manifest: 
  {
    "name": "chessy",
    "version": "1.0.0",
    "description": "realtime chess game",
    "main": "index.js",
    "repository": "git@github.com:MURHAF-ELMASRI/chessy.git",
    "author": "MURHAF ELMASRI <48405071+MURHAF-ELMASRI@users.noreply.github.com>",
    "license": "MIT",
    "private": true,
    "workspaces": [
      "packages/*"
    ],
    "devDependencies": {},
    "dependencies": {
      "typescript": "^4.5.4"
    },
    "scripts": {
      "client": "yarn --cwd ./packages/client/ start",
      "server": "yarn --cwd ./packages/server/ dev"
    }
  }

yarn manifest: 
  No manifest

Lockfile: 
  # THIS IS AN AUTOGENERATED FILE. DO NOT EDIT THIS FILE DIRECTLY.
  # yarn lockfile v1
